This file contains any messages produced by compilers while
running configure, to aid debugging if configure makes a mistake.

It was created by argp configure standalone-1.3, which was
generated by GNU Autoconf 2.69.  Invocation command line was

  $ ./configure --disable-option-checking --prefix=/usr/local --cache-file=/dev/null --srcdir=.

## --------- ##
## Platform. ##
## --------- ##

hostname = localhost.localdomain
uname -m = x86_64
uname -r = 3.10.0-693.el7.x86_64
uname -s = Linux
uname -v = #1 SMP Tue Aug 22 21:09:27 UTC 2017

/usr/bin/uname -p = x86_64
/bin/uname -X     = unknown

/bin/arch              = x86_64
/usr/bin/arch -k       = unknown
/usr/convex/getsysinfo = unknown
/usr/bin/hostinfo      = unknown
/bin/machine           = unknown
/usr/bin/oslevel       = unknown
/bin/universe          = unknown

PATH: /sbin
PATH: /bin
PATH: /usr/sbin
PATH: /usr/bin


## ----------- ##
## Core tests. ##
## ----------- ##

configure:2287: checking for a BSD-compatible install
configure:2355: result: /bin/install -c
configure:2366: checking whether build environment is sane
configure:2421: result: yes
configure:2459: WARNING: 'missing' script is too old or missing
configure:2572: checking for a thread-safe mkdir -p
configure:2611: result: /bin/mkdir -p
configure:2618: checking for gawk
configure:2634: found /bin/gawk
configure:2645: result: gawk
configure:2656: checking whether make sets $(MAKE)
configure:2678: result: yes
configure:2707: checking whether make supports nested variables
configure:2724: result: yes
configure:2827: checking for style of include used by make
configure:2855: result: GNU
configure:2926: checking for gcc
configure:2942: found /bin/gcc
configure:2953: result: gcc
configure:3182: checking for C compiler version
configure:3191: gcc --version >&5
gcc (GCC) 4.8.5 20150623 (Red Hat 4.8.5-16)
Copyright (C) 2015 Free Software Foundation, Inc.
This is free software; see the source for copying conditions.  There is NO
warranty; not even for MERCHANTABILITY or FITNESS FOR A PARTICULAR PURPOSE.

configure:3202: $? = 0
configure:3191: gcc -v >&5
Using built-in specs.
COLLECT_GCC=gcc
COLLECT_LTO_WRAPPER=/usr/libexec/gcc/x86_64-redhat-linux/4.8.5/lto-wrapper
Target: x86_64-redhat-linux
Configured with: ../configure --prefix=/usr --mandir=/usr/share/man --infodir=/usr/share/info --with-bugurl=http://bugzilla.redhat.com/bugzilla --enable-bootstrap --enable-shared --enable-threads=posix --enable-checking=release --with-system-zlib --enable-__cxa_atexit --disable-libunwind-exceptions --enable-gnu-unique-object --enable-linker-build-id --with-linker-hash-style=gnu --enable-languages=c,c++,objc,obj-c++,java,fortran,ada,go,lto --enable-plugin --enable-initfini-array --disable-libgcj --with-isl=/builddir/build/BUILD/gcc-4.8.5-20150702/obj-x86_64-redhat-linux/isl-install --with-cloog=/builddir/build/BUILD/gcc-4.8.5-20150702/obj-x86_64-redhat-linux/cloog-install --enable-gnu-indirect-function --with-tune=generic --with-arch_32=x86-64 --build=x86_64-redhat-linux
Thread model: posix
gcc version 4.8.5 20150623 (Red Hat 4.8.5-16) (GCC) 
configure:3202: $? = 0
configure:3191: gcc -V >&5
gcc: error: unrecognized command line option '-V'
gcc: fatal error: no input files
compilation terminated.
configure:3202: $? = 4
configure:3191: gcc -qversion >&5
gcc: error: unrecognized command line option '-qversion'
gcc: fatal error: no input files
compilation terminated.
configure:3202: $? = 4
configure:3222: checking whether the C compiler works
configure:3244: gcc    conftest.c  >&5
configure:3248: $? = 0
configure:3296: result: yes
configure:3299: checking for C compiler default output file name
configure:3301: result: a.out
configure:3307: checking for suffix of executables
configure:3314: gcc -o conftest    conftest.c  >&5
configure:3318: $? = 0
configure:3340: result: 
configure:3362: checking whether we are cross compiling
configure:3370: gcc -o conftest    conftest.c  >&5
configure:3374: $? = 0
configure:3381: ./conftest
configure:3385: $? = 0
configure:3400: result: no
configure:3405: checking for suffix of object files
configure:3427: gcc -c   conftest.c >&5
configure:3431: $? = 0
configure:3452: result: o
configure:3456: checking whether we are using the GNU C compiler
configure:3475: gcc -c   conftest.c >&5
configure:3475: $? = 0
configure:3484: result: yes
configure:3493: checking whether gcc accepts -g
configure:3513: gcc -c -g  conftest.c >&5
configure:3513: $? = 0
configure:3554: result: yes
configure:3571: checking for gcc option to accept ISO C89
configure:3634: gcc  -c -g -O2  conftest.c >&5
configure:3634: $? = 0
configure:3647: result: none needed
configure:3669: checking dependency style of gcc
configure:3780: result: gcc3
configure:3801: checking how to run the C preprocessor
configure:3832: gcc -E  conftest.c
configure:3832: $? = 0
configure:3846: gcc -E  conftest.c
conftest.c:11:28: fatal error: ac_nonexistent.h: No such file or directory
 #include <ac_nonexistent.h>
                            ^
compilation terminated.
configure:3846: $? = 1
configure: failed program was:
| /* confdefs.h */
| #define PACKAGE_NAME "argp"
| #define PACKAGE_TARNAME "argp"
| #define PACKAGE_VERSION "standalone-1.3"
| #define PACKAGE_STRING "argp standalone-1.3"
| #define PACKAGE_BUGREPORT ""
| #define PACKAGE_URL ""
| #define PACKAGE "argp"
| #define VERSION "standalone-1.3"
| /* end confdefs.h.  */
| #include <ac_nonexistent.h>
configure:3871: result: gcc -E
configure:3891: gcc -E  conftest.c
configure:3891: $? = 0
configure:3905: gcc -E  conftest.c
conftest.c:11:28: fatal error: ac_nonexistent.h: No such file or directory
 #include <ac_nonexistent.h>
                            ^
compilation terminated.
configure:3905: $? = 1
configure: failed program was:
| /* confdefs.h */
| #define PACKAGE_NAME "argp"
| #define PACKAGE_TARNAME "argp"
| #define PACKAGE_VERSION "standalone-1.3"
| #define PACKAGE_STRING "argp standalone-1.3"
| #define PACKAGE_BUGREPORT ""
| #define PACKAGE_URL ""
| #define PACKAGE "argp"
| #define VERSION "standalone-1.3"
| /* end confdefs.h.  */
| #include <ac_nonexistent.h>
configure:3934: checking for grep that handles long lines and -e
configure:3992: result: /bin/grep
configure:3997: checking for egrep
configure:4059: result: /bin/grep -E
configure:4064: checking for ANSI C header files
configure:4084: gcc -c -g -O2  conftest.c >&5
configure:4084: $? = 0
configure:4157: gcc -o conftest -g -O2   conftest.c  >&5
configure:4157: $? = 0
configure:4157: ./conftest
configure:4157: $? = 0
configure:4168: result: yes
configure:4181: checking for sys/types.h
configure:4181: gcc -c -g -O2  conftest.c >&5
configure:4181: $? = 0
configure:4181: result: yes
configure:4181: checking for sys/stat.h
configure:4181: gcc -c -g -O2  conftest.c >&5
configure:4181: $? = 0
configure:4181: result: yes
configure:4181: checking for stdlib.h
configure:4181: gcc -c -g -O2  conftest.c >&5
configure:4181: $? = 0
configure:4181: result: yes
configure:4181: checking for string.h
configure:4181: gcc -c -g -O2  conftest.c >&5
configure:4181: $? = 0
configure:4181: result: yes
configure:4181: checking for memory.h
configure:4181: gcc -c -g -O2  conftest.c >&5
configure:4181: $? = 0
configure:4181: result: yes
configure:4181: checking for strings.h
configure:4181: gcc -c -g -O2  conftest.c >&5
configure:4181: $? = 0
configure:4181: result: yes
configure:4181: checking for inttypes.h
configure:4181: gcc -c -g -O2  conftest.c >&5
configure:4181: $? = 0
configure:4181: result: yes
configure:4181: checking for stdint.h
configure:4181: gcc -c -g -O2  conftest.c >&5
configure:4181: $? = 0
configure:4181: result: yes
configure:4181: checking for unistd.h
configure:4181: gcc -c -g -O2  conftest.c >&5
configure:4181: $? = 0
configure:4181: result: yes
configure:4194: checking minix/config.h usability
configure:4194: gcc -c -g -O2  conftest.c >&5
conftest.c:54:26: fatal error: minix/config.h: No such file or directory
 #include <minix/config.h>
                          ^
compilation terminated.
configure:4194: $? = 1
configure: failed program was:
| /* confdefs.h */
| #define PACKAGE_NAME "argp"
| #define PACKAGE_TARNAME "argp"
| #define PACKAGE_VERSION "standalone-1.3"
| #define PACKAGE_STRING "argp standalone-1.3"
| #define PACKAGE_BUGREPORT ""
| #define PACKAGE_URL ""
| #define PACKAGE "argp"
| #define VERSION "standalone-1.3"
| #define STDC_HEADERS 1
| #define HAVE_SYS_TYPES_H 1
| #define HAVE_SYS_STAT_H 1
| #define HAVE_STDLIB_H 1
| #define HAVE_STRING_H 1
| #define HAVE_MEMORY_H 1
| #define HAVE_STRINGS_H 1
| #define HAVE_INTTYPES_H 1
| #define HAVE_STDINT_H 1
| #define HAVE_UNISTD_H 1
| /* end confdefs.h.  */
| #include <stdio.h>
| #ifdef HAVE_SYS_TYPES_H
| # include <sys/types.h>
| #endif
| #ifdef HAVE_SYS_STAT_H
| # include <sys/stat.h>
| #endif
| #ifdef STDC_HEADERS
| # include <stdlib.h>
| # include <stddef.h>
| #else
| # ifdef HAVE_STDLIB_H
| #  include <stdlib.h>
| # endif
| #endif
| #ifdef HAVE_STRING_H
| # if !defined STDC_HEADERS && defined HAVE_MEMORY_H
| #  include <memory.h>
| # endif
| # include <string.h>
| #endif
| #ifdef HAVE_STRINGS_H
| # include <strings.h>
| #endif
| #ifdef HAVE_INTTYPES_H
| # include <inttypes.h>
| #endif
| #ifdef HAVE_STDINT_H
| # include <stdint.h>
| #endif
| #ifdef HAVE_UNISTD_H
| # include <unistd.h>
| #endif
| #include <minix/config.h>
configure:4194: result: no
configure:4194: checking minix/config.h presence
configure:4194: gcc -E  conftest.c
conftest.c:21:26: fatal error: minix/config.h: No such file or directory
 #include <minix/config.h>
                          ^
compilation terminated.
configure:4194: $? = 1
configure: failed program was:
| /* confdefs.h */
| #define PACKAGE_NAME "argp"
| #define PACKAGE_TARNAME "argp"
| #define PACKAGE_VERSION "standalone-1.3"
| #define PACKAGE_STRING "argp standalone-1.3"
| #define PACKAGE_BUGREPORT ""
| #define PACKAGE_URL ""
| #define PACKAGE "argp"
| #define VERSION "standalone-1.3"
| #define STDC_HEADERS 1
| #define HAVE_SYS_TYPES_H 1
| #define HAVE_SYS_STAT_H 1
| #define HAVE_STDLIB_H 1
| #define HAVE_STRING_H 1
| #define HAVE_MEMORY_H 1
| #define HAVE_STRINGS_H 1
| #define HAVE_INTTYPES_H 1
| #define HAVE_STDINT_H 1
| #define HAVE_UNISTD_H 1
| /* end confdefs.h.  */
| #include <minix/config.h>
configure:4194: result: no
configure:4194: checking for minix/config.h
configure:4194: result: no
configure:4215: checking whether it is safe to define __EXTENSIONS__
configure:4233: gcc -c -g -O2  conftest.c >&5
configure:4233: $? = 0
configure:4240: result: yes
configure:4305: checking for gcc
configure:4332: result: gcc
configure:4561: checking for C compiler version
configure:4570: gcc --version >&5
gcc (GCC) 4.8.5 20150623 (Red Hat 4.8.5-16)
Copyright (C) 2015 Free Software Foundation, Inc.
This is free software; see the source for copying conditions.  There is NO
warranty; not even for MERCHANTABILITY or FITNESS FOR A PARTICULAR PURPOSE.

configure:4581: $? = 0
configure:4570: gcc -v >&5
Using built-in specs.
COLLECT_GCC=gcc
COLLECT_LTO_WRAPPER=/usr/libexec/gcc/x86_64-redhat-linux/4.8.5/lto-wrapper
Target: x86_64-redhat-linux
Configured with: ../configure --prefix=/usr --mandir=/usr/share/man --infodir=/usr/share/info --with-bugurl=http://bugzilla.redhat.com/bugzilla --enable-bootstrap --enable-shared --enable-threads=posix --enable-checking=release --with-system-zlib --enable-__cxa_atexit --disable-libunwind-exceptions --enable-gnu-unique-object --enable-linker-build-id --with-linker-hash-style=gnu --enable-languages=c,c++,objc,obj-c++,java,fortran,ada,go,lto --enable-plugin --enable-initfini-array --disable-libgcj --with-isl=/builddir/build/BUILD/gcc-4.8.5-20150702/obj-x86_64-redhat-linux/isl-install --with-cloog=/builddir/build/BUILD/gcc-4.8.5-20150702/obj-x86_64-redhat-linux/cloog-install --enable-gnu-indirect-function --with-tune=generic --with-arch_32=x86-64 --build=x86_64-redhat-linux
Thread model: posix
gcc version 4.8.5 20150623 (Red Hat 4.8.5-16) (GCC) 
configure:4581: $? = 0
configure:4570: gcc -V >&5
gcc: error: unrecognized command line option '-V'
gcc: fatal error: no input files
compilation terminated.
configure:4581: $? = 4
configure:4570: gcc -qversion >&5
gcc: error: unrecognized command line option '-qversion'
gcc: fatal error: no input files
compilation terminated.
configure:4581: $? = 4
configure:4585: checking whether we are using the GNU C compiler
configure:4613: result: yes
configure:4622: checking whether gcc accepts -g
configure:4683: result: yes
configure:4700: checking for gcc option to accept ISO C89
configure:4776: result: none needed
configure:4798: checking dependency style of gcc
configure:4909: result: gcc3
configure:4924: checking whether make sets $(MAKE)
configure:4946: result: yes
configure:4998: checking for ranlib
configure:5014: found /bin/ranlib
configure:5025: result: ranlib
configure:5095: checking for gcc
configure:5122: result: gcc
configure:5351: checking for C compiler version
configure:5360: gcc --version >&5
gcc (GCC) 4.8.5 20150623 (Red Hat 4.8.5-16)
Copyright (C) 2015 Free Software Foundation, Inc.
This is free software; see the source for copying conditions.  There is NO
warranty; not even for MERCHANTABILITY or FITNESS FOR A PARTICULAR PURPOSE.

configure:5371: $? = 0
configure:5360: gcc -v >&5
Using built-in specs.
COLLECT_GCC=gcc
COLLECT_LTO_WRAPPER=/usr/libexec/gcc/x86_64-redhat-linux/4.8.5/lto-wrapper
Target: x86_64-redhat-linux
Configured with: ../configure --prefix=/usr --mandir=/usr/share/man --infodir=/usr/share/info --with-bugurl=http://bugzilla.redhat.com/bugzilla --enable-bootstrap --enable-shared --enable-threads=posix --enable-checking=release --with-system-zlib --enable-__cxa_atexit --disable-libunwind-exceptions --enable-gnu-unique-object --enable-linker-build-id --with-linker-hash-style=gnu --enable-languages=c,c++,objc,obj-c++,java,fortran,ada,go,lto --enable-plugin --enable-initfini-array --disable-libgcj --with-isl=/builddir/build/BUILD/gcc-4.8.5-20150702/obj-x86_64-redhat-linux/isl-install --with-cloog=/builddir/build/BUILD/gcc-4.8.5-20150702/obj-x86_64-redhat-linux/cloog-install --enable-gnu-indirect-function --with-tune=generic --with-arch_32=x86-64 --build=x86_64-redhat-linux
Thread model: posix
gcc version 4.8.5 20150623 (Red Hat 4.8.5-16) (GCC) 
configure:5371: $? = 0
configure:5360: gcc -V >&5
gcc: error: unrecognized command line option '-V'
gcc: fatal error: no input files
compilation terminated.
configure:5371: $? = 4
configure:5360: gcc -qversion >&5
gcc: error: unrecognized command line option '-qversion'
gcc: fatal error: no input files
compilation terminated.
configure:5371: $? = 4
configure:5375: checking whether we are using the GNU C compiler
configure:5403: result: yes
configure:5412: checking whether gcc accepts -g
configure:5473: result: yes
configure:5490: checking for gcc option to accept ISO C89
configure:5566: result: none needed
configure:5588: checking dependency style of gcc
configure:5699: result: gcc3
configure:5724: checking for ANSI C header files
configure:5828: result: yes
configure:5839: checking limits.h usability
configure:5839: gcc -c -g -O2  conftest.c >&5
configure:5839: $? = 0
configure:5839: result: yes
configure:5839: checking limits.h presence
configure:5839: gcc -E  conftest.c
configure:5839: $? = 0
configure:5839: result: yes
configure:5839: checking for limits.h
configure:5839: result: yes
configure:5839: checking malloc.h usability
configure:5839: gcc -c -g -O2  conftest.c >&5
configure:5839: $? = 0
configure:5839: result: yes
configure:5839: checking malloc.h presence
configure:5839: gcc -E  conftest.c
configure:5839: $? = 0
configure:5839: result: yes
configure:5839: checking for malloc.h
configure:5839: result: yes
configure:5839: checking for unistd.h
configure:5839: result: yes
configure:5839: checking sysexits.h usability
configure:5839: gcc -c -g -O2  conftest.c >&5
configure:5839: $? = 0
configure:5839: result: yes
configure:5839: checking sysexits.h presence
configure:5839: gcc -E  conftest.c
configure:5839: $? = 0
configure:5839: result: yes
configure:5839: checking for sysexits.h
configure:5839: result: yes
configure:5839: checking stdarg.h usability
configure:5839: gcc -c -g -O2  conftest.c >&5
configure:5839: $? = 0
configure:5839: result: yes
configure:5839: checking stdarg.h presence
configure:5839: gcc -E  conftest.c
configure:5839: $? = 0
configure:5839: result: yes
configure:5839: checking for stdarg.h
configure:5839: result: yes
configure:5851: checking for an ANSI C-conforming const
configure:5917: gcc -c -g -O2  conftest.c >&5
configure:5917: $? = 0
configure:5924: result: yes
configure:5932: checking for inline
configure:5948: gcc -c -g -O2  conftest.c >&5
configure:5948: $? = 0
configure:5956: result: inline
configure:5974: checking for size_t
configure:5974: gcc -c -g -O2  conftest.c >&5
configure:5974: $? = 0
configure:5974: gcc -c -g -O2  conftest.c >&5
conftest.c: In function 'main':
conftest.c:68:21: error: expected expression before ')' token
 if (sizeof ((size_t)))
                     ^
configure:5974: $? = 1
configure: failed program was:
| /* confdefs.h */
| #define PACKAGE_NAME "argp"
| #define PACKAGE_TARNAME "argp"
| #define PACKAGE_VERSION "standalone-1.3"
| #define PACKAGE_STRING "argp standalone-1.3"
| #define PACKAGE_BUGREPORT ""
| #define PACKAGE_URL ""
| #define PACKAGE "argp"
| #define VERSION "standalone-1.3"
| #define STDC_HEADERS 1
| #define HAVE_SYS_TYPES_H 1
| #define HAVE_SYS_STAT_H 1
| #define HAVE_STDLIB_H 1
| #define HAVE_STRING_H 1
| #define HAVE_MEMORY_H 1
| #define HAVE_STRINGS_H 1
| #define HAVE_INTTYPES_H 1
| #define HAVE_STDINT_H 1
| #define HAVE_UNISTD_H 1
| #define __EXTENSIONS__ 1
| #define _ALL_SOURCE 1
| #define _GNU_SOURCE 1
| #define _POSIX_PTHREAD_SEMANTICS 1
| #define _TANDEM_SOURCE 1
| #define STDC_HEADERS 1
| #define HAVE_LIMITS_H 1
| #define HAVE_MALLOC_H 1
| #define HAVE_UNISTD_H 1
| #define HAVE_SYSEXITS_H 1
| #define HAVE_STDARG_H 1
| /* end confdefs.h.  */
| #include <stdio.h>
| #ifdef HAVE_SYS_TYPES_H
| # include <sys/types.h>
| #endif
| #ifdef HAVE_SYS_STAT_H
| # include <sys/stat.h>
| #endif
| #ifdef STDC_HEADERS
| # include <stdlib.h>
| # include <stddef.h>
| #else
| # ifdef HAVE_STDLIB_H
| #  include <stdlib.h>
| # endif
| #endif
| #ifdef HAVE_STRING_H
| # if !defined STDC_HEADERS && defined HAVE_MEMORY_H
| #  include <memory.h>
| # endif
| # include <string.h>
| #endif
| #ifdef HAVE_STRINGS_H
| # include <strings.h>
| #endif
| #ifdef HAVE_INTTYPES_H
| # include <inttypes.h>
| #endif
| #ifdef HAVE_STDINT_H
| # include <stdint.h>
| #endif
| #ifdef HAVE_UNISTD_H
| # include <unistd.h>
| #endif
| int
| main ()
| {
| if (sizeof ((size_t)))
| 	    return 0;
|   ;
|   return 0;
| }
configure:5974: result: yes
configure:5986: checking for __attribute__
configure:6012: gcc -c -g -O2  conftest.c >&5
conftest.c: In function 'main':
conftest.c:39:13: error: invalid storage class for function 'foo'
 static void foo(void) __attribute__ ((noreturn));
             ^
conftest.c:42:1: error: invalid storage class for function 'foo'
 foo(void)
 ^
configure:6012: $? = 1
configure: failed program was:
| /* confdefs.h */
| #define PACKAGE_NAME "argp"
| #define PACKAGE_TARNAME "argp"
| #define PACKAGE_VERSION "standalone-1.3"
| #define PACKAGE_STRING "argp standalone-1.3"
| #define PACKAGE_BUGREPORT ""
| #define PACKAGE_URL ""
| #define PACKAGE "argp"
| #define VERSION "standalone-1.3"
| #define STDC_HEADERS 1
| #define HAVE_SYS_TYPES_H 1
| #define HAVE_SYS_STAT_H 1
| #define HAVE_STDLIB_H 1
| #define HAVE_STRING_H 1
| #define HAVE_MEMORY_H 1
| #define HAVE_STRINGS_H 1
| #define HAVE_INTTYPES_H 1
| #define HAVE_STDINT_H 1
| #define HAVE_UNISTD_H 1
| #define __EXTENSIONS__ 1
| #define _ALL_SOURCE 1
| #define _GNU_SOURCE 1
| #define _POSIX_PTHREAD_SEMANTICS 1
| #define _TANDEM_SOURCE 1
| #define STDC_HEADERS 1
| #define HAVE_LIMITS_H 1
| #define HAVE_MALLOC_H 1
| #define HAVE_UNISTD_H 1
| #define HAVE_SYSEXITS_H 1
| #define HAVE_STDARG_H 1
| /* end confdefs.h.  */
| 
| #include <stdlib.h>
| 
| int
| main ()
| {
| 
| static void foo(void) __attribute__ ((noreturn));
| 
| static void __attribute__ ((noreturn))
| foo(void)
| {
|   exit(1);
| }
| 
|   ;
|   return 0;
| }
configure:6019: result: no
configure:6033: checking for working alloca.h
configure:6050: gcc -o conftest -g -O2   conftest.c  >&5
configure:6050: $? = 0
configure:6058: result: yes
configure:6066: checking for alloca
configure:6103: gcc -o conftest -g -O2   conftest.c  >&5
configure:6103: $? = 0
configure:6111: result: yes
configure:6219: checking for vprintf
configure:6219: gcc -o conftest -g -O2   conftest.c  >&5
conftest.c:57:6: warning: conflicting types for built-in function 'vprintf' [enabled by default]
 char vprintf ();
      ^
configure:6219: $? = 0
configure:6219: result: yes
configure:6225: checking for _doprnt
configure:6225: gcc -o conftest -g -O2   conftest.c  >&5
/tmp/ccL7ZGUa.o: In function `main':
/home/lwfs/Desktop/123/lwfs-3.0.2.IOD/argp-standalone/conftest.c:69: undefined reference to `_doprnt'
collect2: error: ld returned 1 exit status
configure:6225: $? = 1
configure: failed program was:
| /* confdefs.h */
| #define PACKAGE_NAME "argp"
| #define PACKAGE_TARNAME "argp"
| #define PACKAGE_VERSION "standalone-1.3"
| #define PACKAGE_STRING "argp standalone-1.3"
| #define PACKAGE_BUGREPORT ""
| #define PACKAGE_URL ""
| #define PACKAGE "argp"
| #define VERSION "standalone-1.3"
| #define STDC_HEADERS 1
| #define HAVE_SYS_TYPES_H 1
| #define HAVE_SYS_STAT_H 1
| #define HAVE_STDLIB_H 1
| #define HAVE_STRING_H 1
| #define HAVE_MEMORY_H 1
| #define HAVE_STRINGS_H 1
| #define HAVE_INTTYPES_H 1
| #define HAVE_STDINT_H 1
| #define HAVE_UNISTD_H 1
| #define __EXTENSIONS__ 1
| #define _ALL_SOURCE 1
| #define _GNU_SOURCE 1
| #define _POSIX_PTHREAD_SEMANTICS 1
| #define _TANDEM_SOURCE 1
| #define STDC_HEADERS 1
| #define HAVE_LIMITS_H 1
| #define HAVE_MALLOC_H 1
| #define HAVE_UNISTD_H 1
| #define HAVE_SYSEXITS_H 1
| #define HAVE_STDARG_H 1
| #define HAVE_ALLOCA_H 1
| #define HAVE_ALLOCA 1
| #define HAVE_VPRINTF 1
| /* end confdefs.h.  */
| /* Define _doprnt to an innocuous variant, in case <limits.h> declares _doprnt.
|    For example, HP-UX 11i <limits.h> declares gettimeofday.  */
| #define _doprnt innocuous__doprnt
| 
| /* System header to define __stub macros and hopefully few prototypes,
|     which can conflict with char _doprnt (); below.
|     Prefer <limits.h> to <assert.h> if __STDC__ is defined, since
|     <limits.h> exists even on freestanding compilers.  */
| 
| #ifdef __STDC__
| # include <limits.h>
| #else
| # include <assert.h>
| #endif
| 
| #undef _doprnt
| 
| /* Override any GCC internal prototype to avoid an error.
|    Use char because int might match the return type of a GCC
|    builtin and then its argument prototype would still apply.  */
| #ifdef __cplusplus
| extern "C"
| #endif
| char _doprnt ();
| /* The GNU C library defines this for functions which it implements
|     to always fail with ENOSYS.  Some functions are actually named
|     something starting with __ and the normal name is an alias.  */
| #if defined __stub__doprnt || defined __stub____doprnt
| choke me
| #endif
| 
| int
| main ()
| {
| return _doprnt ();
|   ;
|   return 0;
| }
configure:6225: result: no
configure:6239: checking for strerror
configure:6239: gcc -o conftest -g -O2   conftest.c  >&5
configure:6239: $? = 0
configure:6239: result: yes
configure:6239: checking for sleep
configure:6239: gcc -o conftest -g -O2   conftest.c  >&5
configure:6239: $? = 0
configure:6239: result: yes
configure:6239: checking for getpid
configure:6239: gcc -o conftest -g -O2   conftest.c  >&5
configure:6239: $? = 0
configure:6239: result: yes
configure:6239: checking for snprintf
configure:6239: gcc -o conftest -g -O2   conftest.c  >&5
conftest.c:61:6: warning: conflicting types for built-in function 'snprintf' [enabled by default]
 char snprintf ();
      ^
configure:6239: $? = 0
configure:6239: result: yes
configure:6249: checking for mempcpy
configure:6249: gcc -o conftest -g -O2   conftest.c  >&5
conftest.c:62:6: warning: conflicting types for built-in function 'mempcpy' [enabled by default]
 char mempcpy ();
      ^
configure:6249: $? = 0
configure:6249: result: yes
configure:6262: checking for strndup
configure:6262: gcc -o conftest -g -O2   conftest.c  >&5
conftest.c:63:6: warning: conflicting types for built-in function 'strndup' [enabled by default]
 char strndup ();
      ^
configure:6262: $? = 0
configure:6262: result: yes
configure:6275: checking for strchrnul
configure:6275: gcc -o conftest -g -O2   conftest.c  >&5
configure:6275: $? = 0
configure:6275: result: yes
configure:6288: checking for strcasecmp
configure:6288: gcc -o conftest -g -O2   conftest.c  >&5
conftest.c:65:6: warning: conflicting types for built-in function 'strcasecmp' [enabled by default]
 char strcasecmp ();
      ^
configure:6288: $? = 0
configure:6288: result: yes
configure:6301: checking for vsnprintf
configure:6301: gcc -o conftest -g -O2   conftest.c  >&5
conftest.c:66:6: warning: conflicting types for built-in function 'vsnprintf' [enabled by default]
 char vsnprintf ();
      ^
configure:6301: $? = 0
configure:6301: result: yes
configure:6323: checking for putc_unlocked('x', stdout)
configure:6339: gcc -o conftest -g -O2   conftest.c  >&5
configure:6339: $? = 0
configure:6347: result: yes
configure:6363: checking for flockfile
configure:6363: gcc -o conftest -g -O2   conftest.c  >&5
configure:6363: $? = 0
configure:6363: result: yes
configure:6375: checking for fputs_unlocked
configure:6375: gcc -o conftest -g -O2   conftest.c  >&5
conftest.c:69:6: warning: conflicting types for built-in function 'fputs_unlocked' [enabled by default]
 char fputs_unlocked ();
      ^
configure:6375: $? = 0
configure:6375: result: yes
configure:6375: checking for fwrite_unlocked
configure:6375: gcc -o conftest -g -O2   conftest.c  >&5
conftest.c:70:6: warning: conflicting types for built-in function 'fwrite_unlocked' [enabled by default]
 char fwrite_unlocked ();
      ^
configure:6375: $? = 0
configure:6375: result: yes
configure:6389: checking for strdup
configure:6389: gcc -o conftest -g -O2   conftest.c  >&5
conftest.c:71:6: warning: conflicting types for built-in function 'strdup' [enabled by default]
 char strdup ();
      ^
configure:6389: $? = 0
configure:6389: result: yes
configure:6389: checking for asprintf
configure:6389: gcc -o conftest -g -O2   conftest.c  >&5
configure:6389: $? = 0
configure:6389: result: yes
configure:6399: checking whether program_invocation_name is declared
configure:6399: gcc -c -g -O2  conftest.c >&5
configure:6399: $? = 0
configure:6399: result: yes
configure:6410: checking whether program_invocation_short_name is declared
configure:6410: gcc -c -g -O2  conftest.c >&5
configure:6410: $? = 0
configure:6410: result: yes
configure:6549: checking that generated files are newer than configure
configure:6555: result: done
configure:6586: creating ./config.status

## ---------------------- ##
## Running config.status. ##
## ---------------------- ##

This file was extended by argp config.status standalone-1.3, which was
generated by GNU Autoconf 2.69.  Invocation command line was

  CONFIG_FILES    = 
  CONFIG_HEADERS  = 
  CONFIG_LINKS    = 
  CONFIG_COMMANDS = 
  $ ./config.status 

on localhost.localdomain

config.status:886: creating Makefile
config.status:886: creating config.h
config.status:1067: config.h is unchanged
config.status:1115: executing depfiles commands

## ---------------- ##
## Cache variables. ##
## ---------------- ##

ac_cv_c_compiler_gnu=yes
ac_cv_c_const=yes
ac_cv_c_inline=inline
ac_cv_env_CC_set=
ac_cv_env_CC_value=
ac_cv_env_CFLAGS_set=
ac_cv_env_CFLAGS_value=
ac_cv_env_CPPFLAGS_set=
ac_cv_env_CPPFLAGS_value=
ac_cv_env_CPP_set=
ac_cv_env_CPP_value=
ac_cv_env_LDFLAGS_set=
ac_cv_env_LDFLAGS_value=
ac_cv_env_LIBS_set=
ac_cv_env_LIBS_value=
ac_cv_env_build_alias_set=
ac_cv_env_build_alias_value=
ac_cv_env_host_alias_set=
ac_cv_env_host_alias_value=
ac_cv_env_target_alias_set=
ac_cv_env_target_alias_value=
ac_cv_func__doprnt=no
ac_cv_func_alloca_works=yes
ac_cv_func_asprintf=yes
ac_cv_func_call_putc_unlocked=yes
ac_cv_func_flockfile=yes
ac_cv_func_fputs_unlocked=yes
ac_cv_func_fwrite_unlocked=yes
ac_cv_func_getpid=yes
ac_cv_func_mempcpy=yes
ac_cv_func_sleep=yes
ac_cv_func_snprintf=yes
ac_cv_func_strcasecmp=yes
ac_cv_func_strchrnul=yes
ac_cv_func_strdup=yes
ac_cv_func_strerror=yes
ac_cv_func_strndup=yes
ac_cv_func_vprintf=yes
ac_cv_func_vsnprintf=yes
ac_cv_have_decl_program_invocation_name=yes
ac_cv_have_decl_program_invocation_short_name=yes
ac_cv_header_inttypes_h=yes
ac_cv_header_limits_h=yes
ac_cv_header_malloc_h=yes
ac_cv_header_memory_h=yes
ac_cv_header_minix_config_h=no
ac_cv_header_stdarg_h=yes
ac_cv_header_stdc=yes
ac_cv_header_stdint_h=yes
ac_cv_header_stdlib_h=yes
ac_cv_header_string_h=yes
ac_cv_header_strings_h=yes
ac_cv_header_sys_stat_h=yes
ac_cv_header_sys_types_h=yes
ac_cv_header_sysexits_h=yes
ac_cv_header_unistd_h=yes
ac_cv_objext=o
ac_cv_path_EGREP='/bin/grep -E'
ac_cv_path_GREP=/bin/grep
ac_cv_path_install='/bin/install -c'
ac_cv_path_mkdir=/bin/mkdir
ac_cv_prog_AWK=gawk
ac_cv_prog_CPP='gcc -E'
ac_cv_prog_ac_ct_CC=gcc
ac_cv_prog_ac_ct_RANLIB=ranlib
ac_cv_prog_cc_c89=
ac_cv_prog_cc_g=yes
ac_cv_prog_make_make_set=yes
ac_cv_safe_to_define___extensions__=yes
ac_cv_type_size_t=yes
ac_cv_working_alloca_h=yes
am_cv_CC_dependencies_compiler_type=gcc3
am_cv_make_support_nested_variables=yes
am_cv_prog_cc_stdc=
lsh_cv_c_attribute=no

## ----------------- ##
## Output variables. ##
## ----------------- ##

ACLOCAL='aclocal-1.13'
ALLOCA=''
AMDEPBACKSLASH='\'
AMDEP_FALSE='#'
AMDEP_TRUE=''
AMTAR='$${TAR-tar}'
AM_BACKSLASH='\'
AM_DEFAULT_V='$(AM_DEFAULT_VERBOSITY)'
AM_DEFAULT_VERBOSITY='1'
AM_V='$(V)'
AUTOCONF='autoconf'
AUTOHEADER='autoheader'
AUTOMAKE='automake-1.13'
AWK='gawk'
CC='gcc'
CCDEPMODE='depmode=gcc3'
CFLAGS='-g -O2 -ggdb3 -Wall -W  -Wmissing-prototypes -Wmissing-declarations -Wstrict-prototypes  -Waggregate-return  -Wpointer-arith -Wbad-function-cast -Wnested-externs'
CPP='gcc -E'
CPPFLAGS=' -I.'
CYGPATH_W='echo'
DEFS='-DHAVE_CONFIG_H'
DEPDIR='.deps'
ECHO_C=''
ECHO_N='-n'
ECHO_T=''
EGREP='/bin/grep -E'
EXEEXT=''
GREP='/bin/grep'
INSTALL_DATA='${INSTALL} -m 644'
INSTALL_PROGRAM='${INSTALL}'
INSTALL_SCRIPT='${INSTALL}'
INSTALL_STRIP_PROGRAM='$(install_sh) -c -s'
LDFLAGS=''
LIBOBJS=''
LIBS=''
LTLIBOBJS=''
MAKEINFO='makeinfo'
MKDIR_P='/bin/mkdir -p'
OBJEXT='o'
PACKAGE='argp'
PACKAGE_BUGREPORT=''
PACKAGE_NAME='argp'
PACKAGE_STRING='argp standalone-1.3'
PACKAGE_TARNAME='argp'
PACKAGE_URL=''
PACKAGE_VERSION='standalone-1.3'
PATH_SEPARATOR=':'
RANLIB='ranlib'
SET_MAKE=''
SHELL='/bin/sh'
STRIP=''
VERSION='standalone-1.3'
ac_ct_CC='gcc'
am__EXEEXT_FALSE=''
am__EXEEXT_TRUE='#'
am__fastdepCC_FALSE='#'
am__fastdepCC_TRUE=''
am__include='include'
am__isrc=''
am__leading_dot='.'
am__nodep='_no'
am__quote=''
am__tar='$${TAR-tar} chof - "$$tardir"'
am__untar='$${TAR-tar} xf -'
bindir='${exec_prefix}/bin'
build_alias=''
datadir='${datarootdir}'
datarootdir='${prefix}/share'
docdir='${datarootdir}/doc/${PACKAGE_TARNAME}'
dvidir='${docdir}'
exec_prefix='${prefix}'
host_alias=''
htmldir='${docdir}'
includedir='${prefix}/include'
infodir='${datarootdir}/info'
install_sh='${SHELL} /home/lwfs/Desktop/123/lwfs-3.0.2.IOD/argp-standalone/install-sh'
libdir='${exec_prefix}/lib'
libexecdir='${exec_prefix}/libexec'
localedir='${datarootdir}/locale'
localstatedir='${prefix}/var'
mandir='${datarootdir}/man'
mkdir_p='$(MKDIR_P)'
oldincludedir='/usr/include'
pdfdir='${docdir}'
prefix='/usr/local'
program_transform_name='s,x,x,'
psdir='${docdir}'
sbindir='${exec_prefix}/sbin'
sharedstatedir='${prefix}/com'
sysconfdir='${prefix}/etc'
target_alias=''

## ----------- ##
## confdefs.h. ##
## ----------- ##

/* confdefs.h */
#define PACKAGE_NAME "argp"
#define PACKAGE_TARNAME "argp"
#define PACKAGE_VERSION "standalone-1.3"
#define PACKAGE_STRING "argp standalone-1.3"
#define PACKAGE_BUGREPORT ""
#define PACKAGE_URL ""
#define PACKAGE "argp"
#define VERSION "standalone-1.3"
#define STDC_HEADERS 1
#define HAVE_SYS_TYPES_H 1
#define HAVE_SYS_STAT_H 1
#define HAVE_STDLIB_H 1
#define HAVE_STRING_H 1
#define HAVE_MEMORY_H 1
#define HAVE_STRINGS_H 1
#define HAVE_INTTYPES_H 1
#define HAVE_STDINT_H 1
#define HAVE_UNISTD_H 1
#define __EXTENSIONS__ 1
#define _ALL_SOURCE 1
#define _GNU_SOURCE 1
#define _POSIX_PTHREAD_SEMANTICS 1
#define _TANDEM_SOURCE 1
#define STDC_HEADERS 1
#define HAVE_LIMITS_H 1
#define HAVE_MALLOC_H 1
#define HAVE_UNISTD_H 1
#define HAVE_SYSEXITS_H 1
#define HAVE_STDARG_H 1
#define HAVE_ALLOCA_H 1
#define HAVE_ALLOCA 1
#define HAVE_VPRINTF 1
#define HAVE_STRERROR 1
#define HAVE_SLEEP 1
#define HAVE_GETPID 1
#define HAVE_SNPRINTF 1
#define HAVE_MEMPCPY 1
#define HAVE_STRNDUP 1
#define HAVE_STRCHRNUL 1
#define HAVE_STRCASECMP 1
#define HAVE_VSNPRINTF 1
#define HAVE_PUTC_UNLOCKED 1
#define HAVE_FLOCKFILE 1
#define HAVE_FPUTS_UNLOCKED 1
#define HAVE_FWRITE_UNLOCKED 1
#define HAVE_STRDUP 1
#define HAVE_ASPRINTF 1
#define HAVE_DECL_PROGRAM_INVOCATION_NAME 1
#define HAVE_DECL_PROGRAM_INVOCATION_SHORT_NAME 1

configure: exit 0
